<?xml version="1.0" encoding="UTF-8"?>
<testsuite name="ServerTest" tests="2" skipped="0" failures="0" errors="0" timestamp="2021-12-17T22:08:12" hostname="RAN-LAPTOP-1650" time="0.026">
  <properties/>
  <testcase name="whenServerHandlesRequestThenItReturnsAResponse()" classname="ServerTest" time="0.021"/>
  <testcase name="whenServerHandlesRequestThenItDoesNotThrow()" classname="ServerTest" time="0.004"/>
  <system-out><![CDATA[]]></system-out>
  <system-err><![CDATA[]]></system-err>
</testsuite>
